/*C3*/SET SCHEMA PUBLIC
CONNECT USER SA
DISCONNECT
/*C4*/SET SCHEMA PUBLIC
CONNECT USER SA
DELETE FROM USER WHERE ID=1
INSERT INTO USER VALUES(1,1,'jb','jb','jb','admin')
INSERT INTO USER_FAMILY VALUES(1,2)
DELETE FROM USER WHERE ID=1
INSERT INTO USER VALUES(1,2,'jb','jb','jb','admin')
INSERT INTO USER_FAMILY VALUES(1,4)
DELETE FROM USER WHERE ID=1
INSERT INTO USER VALUES(1,3,'jb','jb','jb','admin')
DELETE FROM USER_FAMILY WHERE USER_FAMILIES_ID=1 AND FAMILY_ID=1
DELETE FROM USER_FAMILY WHERE USER_FAMILIES_ID=1 AND FAMILY_ID=2
DELETE FROM USER_FAMILY WHERE USER_FAMILIES_ID=1 AND FAMILY_ID=4
INSERT INTO USER_FAMILY VALUES(1,3)
INSERT INTO USER_FAMILY VALUES(1,1)
DELETE FROM USER WHERE ID=1
INSERT INTO USER VALUES(1,4,'jb','jb','jb','admin')
DELETE FROM USER_FAMILY WHERE USER_FAMILIES_ID=1 AND FAMILY_ID=3
DELETE FROM USER_FAMILY WHERE USER_FAMILIES_ID=1 AND FAMILY_ID=1
INSERT INTO USER_FAMILY VALUES(1,2)
INSERT INTO USER_FAMILY VALUES(1,3)
DELETE FROM USER WHERE ID=1
INSERT INTO USER VALUES(1,5,'jb','jb','jb','admin')
DELETE FROM USER_FAMILY WHERE USER_FAMILIES_ID=1 AND FAMILY_ID=2
DELETE FROM USER_FAMILY WHERE USER_FAMILIES_ID=1 AND FAMILY_ID=3
INSERT INTO USER_FAMILY VALUES(1,1)
